Arguments: 
  /home/subhan/.nvm/versions/node/v14.18.2/bin/node /home/subhan/.yarn/bin/yarnpkg install

PATH: 
  /home/subhan/.yarn/bin:/home/subhan/.config/yarn/global/node_modules/.bin:/home/subhan/.nvm/versions/node/v14.18.2/bin:/home/subhan/.local/bin:/usr/local/sbin:/usr/local/bin:/usr/sbin:/usr/bin:/sbin:/bin:/usr/games:/usr/local/games:/snap/bin

Yarn version: 
  1.22.17

Node version: 
  14.18.2

Platform: 
  linux x64

Trace: 
  Error: unexpected end of file
      at Zlib.zlibOnError [as onerror] (zlib.js:187:17)

npm manifest: 
  {
    "name": "gap",
    "version": "1.0.0",
    "main": "node_modules/expo/AppEntry.js",
    "scripts": {
      "start": "expo start",
      "android": "expo start --android",
      "ios": "expo start --ios",
      "web": "expo start --web",
      "eject": "expo eject"
    },
    "dependencies": {
      "expo": "~44.0.0",
      "expo-status-bar": "~1.2.0",
      "react": "17.0.1",
      "react-dom": "17.0.1",
      "react-native": "0.64.3",
      "react-native-web": "0.17.1"
    },
    "devDependencies": {
      "@babel/core": "^7.12.9"
    },
    "private": true
  }

yarn manifest: 
  No manifest

Lockfile: 
  No lockfile
